#
# A fatal error has been detected by the Java Runtime Environment:
#
#  EXCEPTION_ACCESS_VIOLATION (0xc0000005) at pc=0x0000000064861079, pid=896, tid=0x0000000000000464
#
# JRE version: OpenJDK Runtime Environment (8.0_112-b06) (build 1.8.0_112-release-b06)
# Java VM: OpenJDK 64-Bit Server VM (25.112-b06 mixed mode windows-amd64 compressed oops)
# Problematic frame:
# V  [jvm.dll+0x441079]
#
# Failed to write core dump. Minidumps are not enabled by default on client versions of Windows
#
# If you would like to submit a bug report, please visit:
#   http://bugreport.java.com/bugreport/crash.jsp
#

---------------  T H R E A D  ---------------

Current thread (0x0000000014bda800):  JavaThread "C2 CompilerThread1" daemon [_thread_in_native, id=1124, stack(0x0000000016460000,0x0000000016560000)]

siginfo: ExceptionCode=0xc0000005, reading address 0x000000009b914e70

Registers:
RAX=0x0000000014c0b530, RBX=0x000000001b33e0d8, RCX=0x000000001b33e0d8, RDX=0x000000001655cdd0
RSP=0x000000001655be40, RBP=0x0000000000000038, RSI=0x000000001655cdd0, RDI=0x000000001b33e0d8
R8 =0x000000001b33e120, R9 =0x0000000000003727, R10=0x000000009b914e50, R11=0x000000001b914ed0
R12=0x000000001aeea448, R13=0x0000000000000039, R14=0x0000000000000000, R15=0x0000000000000160
RIP=0x0000000064861079, EFLAGS=0x0000000000010202

Top of Stack: (sp=0x000000001655be40)
0x000000001655be40:   000000001aeea448 000000001b33e0d8
0x000000001655be50:   000000001655cdd0 0000000000000038
0x000000001655be60:   0000000000003726 00000000648f85f8
0x000000001655be70:   000000001655cdd0 0000000000000000
0x000000001655be80:   000000001b33d180 00000000648c01a7
0x000000001655be90:   0000000000000039 000000001655ef10
0x000000001655bea0:   000000001b33e0d8 00000000648f7fda
0x000000001655beb0:   0000000000000038 000000001aeea448
0x000000001655bec0:   000000001655cdd0 000000001655bf28
0x000000001655bed0:   00000000000001ff 000000001b2c9270
0x000000001655bee0:   0000000000000001 00000000648addc8
0x000000001655bef0:   000000001655bff0 000000001b2a92c0
0x000000001655bf00:   000000001655c380 0000000014ba47f0
0x000000001655bf10:   000000001b2c92c0 000000001b2d1258
0x000000001655bf20:   00000000001ea038 0000000014ba47f0
0x000000001655bf30:   0000000000008000 000000001ac789f0 

Instructions: (pc=0x0000000064861079)
0x0000000064861059:   08 48 8b d9 4c 8b 40 08 48 8b 42 50 45 8b 48 28
0x0000000064861069:   4e 8b 14 c8 48 8b 05 bc 2e 38 00 4c 3b d0 74 23
0x0000000064861079:   45 0f bf 42 20 49 63 52 1c 49 63 4a 18 e8 35 7b
0x0000000064861089:   0b 00 48 8b 53 30 45 33 c0 4c 8b 08 48 8b c8 41 


Register to memory mapping:

RAX=0x0000000014c0b530 is an unknown value
RBX=0x000000001b33e0d8 is an unknown value
RCX=0x000000001b33e0d8 is an unknown value
RDX=0x000000001655cdd0 is pointing into the stack for thread: 0x0000000014bda800
RSP=0x000000001655be40 is pointing into the stack for thread: 0x0000000014bda800
RBP=0x0000000000000038 is an unknown value
RSI=0x000000001655cdd0 is pointing into the stack for thread: 0x0000000014bda800
RDI=0x000000001b33e0d8 is an unknown value
R8 =0x000000001b33e120 is an unknown value
R9 =0x0000000000003727 is an unknown value
R10=0x000000009b914e50 is an unknown value
R11=0x000000001b914ed0 is an unknown value
R12=0x000000001aeea448 is an unknown value
R13=0x0000000000000039 is an unknown value
R14=0x0000000000000000 is an unknown value
R15=0x0000000000000160 is an unknown value


Stack: [0x0000000016460000,0x0000000016560000],  sp=0x000000001655be40,  free space=1007k
Native frames: (J=compiled Java code, j=interpreted, Vv=VM code, C=native code)
V  [jvm.dll+0x441079]
V  [jvm.dll+0x4d85f8]
V  [jvm.dll+0x4d7fda]
V  [jvm.dll+0x48ddc8]
V  [jvm.dll+0x43f0f0]
V  [jvm.dll+0x43fef2]
V  [jvm.dll+0x423242]
V  [jvm.dll+0x80b29]
V  [jvm.dll+0x8145f]
V  [jvm.dll+0x21be7f]
V  [jvm.dll+0x26c13a]
C  [msvcr100.dll+0x21d9f]
C  [msvcr100.dll+0x21e3b]
C  [KERNEL32.DLL+0x1842]
C  [ntdll.dll+0x3df11]


Current CompileTask:
C2:   6942 1506       4       java.net.URLClassLoader$1::run (5 bytes)


---------------  P R O C E S S  ---------------

Java Threads: ( => current thread )
  0x0000000019a27800 JavaThread "File lock request listener" [_thread_in_native, id=4432, stack(0x000000001b410000,0x000000001b510000)]
  0x000000001763b000 JavaThread "Stdin handler" [_thread_blocked, id=4704, stack(0x0000000019170000,0x0000000019270000)]
  0x0000000017640000 JavaThread "Asynchronous log dispatcher for DefaultDaemonConnection: socket connection from /127.0.0.1:61215 to /127.0.0.1:61216" [_thread_blocked, id=2332, stack(0x0000000019070000,0x0000000019170000)]
  0x000000001774d800 JavaThread "Daemon worker" [_thread_in_vm, id=2504, stack(0x0000000018f70000,0x0000000019070000)]
  0x0000000017d26800 JavaThread "Cancel handler" [_thread_blocked, id=3644, stack(0x0000000018e70000,0x0000000018f70000)]
  0x0000000018061800 JavaThread "Handler for socket connection from /127.0.0.1:61215 to /127.0.0.1:61216" [_thread_in_native, id=5436, stack(0x0000000018d70000,0x0000000018e70000)]
  0x000000001805e800 JavaThread "pool-1-thread-1" [_thread_blocked, id=4372, stack(0x0000000018c70000,0x0000000018d70000)]
  0x0000000018058000 JavaThread "Daemon" [_thread_blocked, id=3652, stack(0x0000000018b70000,0x0000000018c70000)]
  0x0000000017f56000 JavaThread "Incoming local TCP Connector on port 61215" [_thread_in_native, id=3792, stack(0x0000000018790000,0x0000000018890000)]
  0x0000000014c2f800 JavaThread "Service Thread" daemon [_thread_blocked, id=5500, stack(0x0000000016660000,0x0000000016760000)]
  0x0000000014bdf000 JavaThread "C1 CompilerThread2" daemon [_thread_blocked, id=3172, stack(0x0000000016560000,0x0000000016660000)]
=>0x0000000014bda800 JavaThread "C2 CompilerThread1" daemon [_thread_in_native, id=1124, stack(0x0000000016460000,0x0000000016560000)]
  0x0000000014be9800 JavaThread "C2 CompilerThread0" daemon [_thread_in_native, id=5860, stack(0x0000000016360000,0x0000000016460000)]
  0x0000000014be7000 JavaThread "Attach Listener" daemon [_thread_blocked, id=3880, stack(0x0000000016260000,0x0000000016360000)]
  0x0000000014be6000 JavaThread "Signal Dispatcher" daemon [_thread_blocked, id=5720, stack(0x0000000016160000,0x0000000016260000)]
  0x000000000250e000 JavaThread "Finalizer" daemon [_thread_blocked, id=4604, stack(0x0000000015e40000,0x0000000015f40000)]
  0x0000000002502800 JavaThread "Reference Handler" daemon [_thread_blocked, id=4180, stack(0x0000000015d40000,0x0000000015e40000)]
  0x0000000002412800 JavaThread "main" [_thread_blocked, id=3488, stack(0x0000000001fa0000,0x00000000020a0000)]

Other Threads:
  0x0000000014ba5800 VMThread [stack: 0x0000000015c40000,0x0000000015d40000] [id=6136]
  0x0000000014c39800 WatcherThread [stack: 0x0000000016b60000,0x0000000016c60000] [id=4192]

VM state:not at safepoint (normal execution)

VM Mutex/Monitor currently owned by a thread: None

Heap:
 PSYoungGen      total 36352K, used 9521K [0x00000000eab00000, 0x00000000ed380000, 0x0000000100000000)
  eden space 31232K, 14% used [0x00000000eab00000,0x00000000eaf51560,0x00000000ec980000)
  from space 5120K, 99% used [0x00000000ec980000,0x00000000ece7af08,0x00000000ece80000)
  to   space 5120K, 0% used [0x00000000ece80000,0x00000000ece80000,0x00000000ed380000)
 ParOldGen       total 83456K, used 2738K [0x00000000c0000000, 0x00000000c5180000, 0x00000000eab00000)
  object space 83456K, 3% used [0x00000000c0000000,0x00000000c02acb70,0x00000000c5180000)
 Metaspace       used 16264K, capacity 16642K, committed 16768K, reserved 1062912K
  class space    used 2259K, capacity 2396K, committed 2432K, reserved 1048576K

Card table byte_map: [0x00000000118d0000,0x0000000011ae0000] byte_map_base: 0x00000000112d0000

Marking Bits: (ParMarkBitMap*) 0x0000000064be18f0
 Begin Bits: [0x0000000012040000, 0x0000000013040000)
 End Bits:   [0x0000000013040000, 0x0000000014040000)

Polling page: 0x00000000020a0000

CodeCache: size=245760Kb used=5470Kb max_used=5470Kb free=240289Kb
 bounds [0x0000000002510000, 0x0000000002a70000, 0x0000000011510000]
 total_blobs=1898 nmethods=1505 adapters=306
 compilation: enabled

Compilation events (10 events):
Event: 6.540 Thread 0x0000000014bdf000 1504       3       java.lang.Class::forName (53 bytes)
Event: 6.540 Thread 0x0000000014bdf000 nmethod 1504 0x0000000002a65710 code [0x0000000002a658c0, 0x0000000002a65f68]
Event: 6.540 Thread 0x0000000014bdf000 1505       3       com.google.common.collect.ObjectArrays::checkElementNotNull (33 bytes)
Event: 6.541 Thread 0x0000000014bdf000 nmethod 1505 0x0000000002a696d0 code [0x0000000002a698a0, 0x0000000002a6a0b8]
Event: 6.566 Thread 0x0000000014bda800 1506       4       java.net.URLClassLoader$1::run (5 bytes)
Event: 6.574 Thread 0x0000000014be9800 1507   !   4       java.net.URLClassLoader$1::run (63 bytes)
Event: 6.874 Thread 0x0000000014bdf000 1508       3       org.gradle.internal.logging.slf4j.OutputEventListenerBackedLogger::isDebugEnabled (8 bytes)
Event: 6.874 Thread 0x0000000014bdf000 nmethod 1508 0x0000000002a64ed0 code [0x0000000002a65060, 0x0000000002a65528]
Event: 6.899 Thread 0x0000000014bdf000 1509       1       java.io.ExpiringCache::access$000 (5 bytes)
Event: 6.899 Thread 0x0000000014bdf000 nmethod 1509 0x0000000002a62f10 code [0x0000000002a63060, 0x0000000002a63150]

GC Heap History (6 events):
Event: 1.562 GC heap before
{Heap before GC invocations=1 (full 0):
 PSYoungGen      total 36352K, used 31232K [0x00000000eab00000, 0x00000000ed380000, 0x0000000100000000)
  eden space 31232K, 100% used [0x00000000eab00000,0x00000000ec980000,0x00000000ec980000)
  from space 5120K, 0% used [0x00000000ece80000,0x00000000ece80000,0x00000000ed380000)
  to   space 5120K, 0% used [0x00000000ec980000,0x00000000ec980000,0x00000000ece80000)
 ParOldGen       total 83456K, used 0K [0x00000000c0000000, 0x00000000c5180000, 0x00000000eab00000)
  object space 83456K, 0% used [0x00000000c0000000,0x00000000c0000000,0x00000000c5180000)
 Metaspace       used 6753K, capacity 6888K, committed 7040K, reserved 1056768K
  class space    used 832K, capacity 888K, committed 896K, reserved 1048576K
Event: 1.568 GC heap after
Heap after GC invocations=1 (full 0):
 PSYoungGen      total 36352K, used 3986K [0x00000000eab00000, 0x00000000ed380000, 0x0000000100000000)
  eden space 31232K, 0% used [0x00000000eab00000,0x00000000eab00000,0x00000000ec980000)
  from space 5120K, 77% used [0x00000000ec980000,0x00000000ecd64b80,0x00000000ece80000)
  to   space 5120K, 0% used [0x00000000ece80000,0x00000000ece80000,0x00000000ed380000)
 ParOldGen       total 83456K, used 8K [0x00000000c0000000, 0x00000000c5180000, 0x00000000eab00000)
  object space 83456K, 0% used [0x00000000c0000000,0x00000000c0002000,0x00000000c5180000)
 Metaspace       used 6753K, capacity 6888K, committed 7040K, reserved 1056768K
  class space    used 832K, capacity 888K, committed 896K, reserved 1048576K
}
Event: 3.834 GC heap before
{Heap before GC invocations=2 (full 0):
 PSYoungGen      total 36352K, used 35218K [0x00000000eab00000, 0x00000000ed380000, 0x0000000100000000)
  eden space 31232K, 100% used [0x00000000eab00000,0x00000000ec980000,0x00000000ec980000)
  from space 5120K, 77% used [0x00000000ec980000,0x00000000ecd64b80,0x00000000ece80000)
  to   space 5120K, 0% used [0x00000000ece80000,0x00000000ece80000,0x00000000ed380000)
 ParOldGen       total 83456K, used 8K [0x00000000c0000000, 0x00000000c5180000, 0x00000000eab00000)
  object space 83456K, 0% used [0x00000000c0000000,0x00000000c0002000,0x00000000c5180000)
 Metaspace       used 12801K, capacity 13190K, committed 13440K, reserved 1060864K
  class space    used 1663K, capacity 1806K, committed 1920K, reserved 1048576K
Event: 3.852 GC heap after
Heap after GC invocations=2 (full 0):
 PSYoungGen      total 36352K, used 5116K [0x00000000eab00000, 0x00000000ed380000, 0x0000000100000000)
  eden space 31232K, 0% used [0x00000000eab00000,0x00000000eab00000,0x00000000ec980000)
  from space 5120K, 99% used [0x00000000ece80000,0x00000000ed37f3c8,0x00000000ed380000)
  to   space 5120K, 0% used [0x00000000ec980000,0x00000000ec980000,0x00000000ece80000)
 ParOldGen       total 83456K, used 406K [0x00000000c0000000, 0x00000000c5180000, 0x00000000eab00000)
  object space 83456K, 0% used [0x00000000c0000000,0x00000000c00659b0,0x00000000c5180000)
 Metaspace       used 12801K, capacity 13190K, committed 13440K, reserved 1060864K
  class space    used 1663K, capacity 1806K, committed 1920K, reserved 1048576K
}
Event: 5.604 GC heap before
{Heap before GC invocations=3 (full 0):
 PSYoungGen      total 36352K, used 36348K [0x00000000eab00000, 0x00000000ed380000, 0x0000000100000000)
  eden space 31232K, 100% used [0x00000000eab00000,0x00000000ec980000,0x00000000ec980000)
  from space 5120K, 99% used [0x00000000ece80000,0x00000000ed37f3c8,0x00000000ed380000)
  to   space 5120K, 0% used [0x00000000ec980000,0x00000000ec980000,0x00000000ece80000)
 ParOldGen       total 83456K, used 406K [0x00000000c0000000, 0x00000000c5180000, 0x00000000eab00000)
  object space 83456K, 0% used [0x00000000c0000000,0x00000000c00659b0,0x00000000c5180000)
 Metaspace       used 15861K, capacity 16166K, committed 16384K, reserved 1062912K
  class space    used 2188K, capacity 2286K, committed 2304K, reserved 1048576K
Event: 5.632 GC heap after
Heap after GC invocations=3 (full 0):
 PSYoungGen      total 36352K, used 5099K [0x00000000eab00000, 0x00000000ed380000, 0x0000000100000000)
  eden space 31232K, 0% used [0x00000000eab00000,0x00000000eab00000,0x00000000ec980000)
  from space 5120K, 99% used [0x00000000ec980000,0x00000000ece7af08,0x00000000ece80000)
  to   space 5120K, 0% used [0x00000000ece80000,0x00000000ece80000,0x00000000ed380000)
 ParOldGen       total 83456K, used 2738K [0x00000000c0000000, 0x00000000c5180000, 0x00000000eab00000)
  object space 83456K, 3% used [0x00000000c0000000,0x00000000c02acb70,0x00000000c5180000)
 Metaspace       used 15861K, capacity 16166K, committed 16384K, reserved 1062912K
  class space    used 2188K, capacity 2286K, committed 2304K, reserved 1048576K
}

Deoptimization events (10 events):
Event: 5.378 Thread 0x000000001774d800 Uncommon trap: reason=unstable_if action=reinterpret pc=0x0000000002664f48 method=java.net.URI.match(CJJ)Z @ 19
Event: 6.407 Thread 0x000000001774d800 Uncommon trap: reason=bimorphic action=maybe_recompile pc=0x000000000299190c method=java.lang.ClassLoader.loadClass(Ljava/lang/String;Z)Ljava/lang/Class; @ 38
Event: 6.409 Thread 0x000000001774d800 Uncommon trap: reason=bimorphic action=maybe_recompile pc=0x0000000002a1a6fc method=java.lang.ClassLoader.getPackage(Ljava/lang/String;)Ljava/lang/Package; @ 47
Event: 6.413 Thread 0x000000001774d800 Uncommon trap: reason=bimorphic action=maybe_recompile pc=0x000000000299190c method=java.lang.ClassLoader.loadClass(Ljava/lang/String;Z)Ljava/lang/Class; @ 38
Event: 6.416 Thread 0x000000001774d800 Uncommon trap: reason=bimorphic action=maybe_recompile pc=0x000000000299190c method=java.lang.ClassLoader.loadClass(Ljava/lang/String;Z)Ljava/lang/Class; @ 38
Event: 6.416 Thread 0x000000001774d800 Uncommon trap: reason=bimorphic action=maybe_recompile pc=0x000000000299190c method=java.lang.ClassLoader.loadClass(Ljava/lang/String;Z)Ljava/lang/Class; @ 38
Event: 6.417 Thread 0x000000001774d800 Uncommon trap: reason=bimorphic action=maybe_recompile pc=0x0000000002a1a6fc method=java.lang.ClassLoader.getPackage(Ljava/lang/String;)Ljava/lang/Package; @ 47
Event: 6.417 Thread 0x000000001774d800 Uncommon trap: reason=bimorphic action=maybe_recompile pc=0x0000000002a1a6fc method=java.lang.ClassLoader.getPackage(Ljava/lang/String;)Ljava/lang/Package; @ 47
Event: 6.453 Thread 0x000000001774d800 Uncommon trap: reason=bimorphic action=maybe_recompile pc=0x0000000002a1a6fc method=java.lang.ClassLoader.getPackage(Ljava/lang/String;)Ljava/lang/Package; @ 47
Event: 6.459 Thread 0x000000001774d800 Uncommon trap: reason=bimorphic action=maybe_recompile pc=0x0000000002a464a0 method=java.lang.ClassLoader.getPackage(Ljava/lang/String;)Ljava/lang/Package; @ 47

Internal exceptions (10 events):
Event: 3.976 Thread 0x000000001774d800 Exception <a 'java/lang/ArrayIndexOutOfBoundsException'> (0x00000000ead47010) thrown at [C:\src\android\AOSP-openjdk\external\jetbrains\jdk\hotspot\src\share\vm\runtime\sharedRuntime.cpp, line 605]
Event: 5.645 Thread 0x000000001774d800 Exception <a 'java/lang/NoSuchMethodError': <clinit>> (0x00000000eabd3668) thrown at [C:\src\android\AOSP-openjdk\external\jetbrains\jdk\hotspot\src\share\vm\prims\jni.cpp, line 1613]
Event: 5.652 Thread 0x000000001774d800 Exception <a 'java/lang/NoSuchMethodError': <clinit>> (0x00000000eabd5e38) thrown at [C:\src\android\AOSP-openjdk\external\jetbrains\jdk\hotspot\src\share\vm\prims\jni.cpp, line 1613]
Event: 5.654 Thread 0x000000001774d800 Exception <a 'java/lang/NoSuchMethodError': <clinit>> (0x00000000eabe2118) thrown at [C:\src\android\AOSP-openjdk\external\jetbrains\jdk\hotspot\src\share\vm\prims\jni.cpp, line 1613]
Event: 5.665 Thread 0x000000001774d800 Exception <a 'java/lang/NoSuchMethodError': <clinit>> (0x00000000eabec588) thrown at [C:\src\android\AOSP-openjdk\external\jetbrains\jdk\hotspot\src\share\vm\prims\jni.cpp, line 1613]
Event: 6.445 Thread 0x000000001774d800 Exception <a 'java/lang/NoSuchMethodError': <clinit>> (0x00000000ead44bd0) thrown at [C:\src\android\AOSP-openjdk\external\jetbrains\jdk\hotspot\src\share\vm\prims\jni.cpp, line 1613]
Event: 6.492 Thread 0x000000001774d800 Exception <a 'java/lang/NoSuchMethodError': <clinit>> (0x00000000ead88890) thrown at [C:\src\android\AOSP-openjdk\external\jetbrains\jdk\hotspot\src\share\vm\prims\jni.cpp, line 1613]
Event: 6.534 Thread 0x000000001774d800 Exception <a 'java/lang/NoSuchMethodError': <clinit>> (0x00000000eadac968) thrown at [C:\src\android\AOSP-openjdk\external\jetbrains\jdk\hotspot\src\share\vm\prims\jni.cpp, line 1613]
Event: 6.538 Thread 0x000000001774d800 Exception <a 'java/lang/NoSuchMethodError': <clinit>> (0x00000000eadbf8f8) thrown at [C:\src\android\AOSP-openjdk\external\jetbrains\jdk\hotspot\src\share\vm\prims\jni.cpp, line 1613]
Event: 6.563 Thread 0x000000001774d800 Exception <a 'java/lang/NoSuchMethodError': <clinit>> (0x00000000eadd59b0) thrown at [C:\src\android\AOSP-openjdk\external\jetbrains\jdk\hotspot\src\share\vm\prims\jni.cpp, line 1613]

Events (10 events):
Event: 6.902 loading class org/gradle/api/internal/artifacts/query/ArtifactResolutionQueryFactory
Event: 6.902 loading class org/gradle/api/internal/artifacts/query/ArtifactResolutionQueryFactory done
Event: 6.903 loading class org/gradle/api/internal/artifacts/ArtifactPublicationServices
Event: 6.903 loading class org/gradle/api/internal/artifacts/ArtifactPublicationServices done
Event: 6.903 loading class org/gradle/api/artifacts/dsl/RepositoryHandler
Event: 6.903 loading class org/gradle/api/artifacts/dsl/RepositoryHandler done
Event: 6.903 loading class org/gradle/api/artifacts/ArtifactRepositoryContainer
Event: 6.903 loading class org/gradle/api/artifacts/ArtifactRepositoryContainer done
Event: 6.904 loading class org/gradle/api/NamedDomainObjectList
Event: 6.904 loading class org/gradle/api/NamedDomainObjectList done


Dynamic libraries:
0x000007f700e40000 - 0x000007f700e71000 	C:\Program Files\Android\Android Studio\jre\bin\java.exe
0x000007fc7fdb0000 - 0x000007fc7ff6d000 	C:\Windows\SYSTEM32\ntdll.dll
0x000007fc7d8a0000 - 0x000007fc7d9d6000 	C:\Windows\system32\KERNEL32.DLL
0x000007fc7cd60000 - 0x000007fc7ce54000 	C:\Windows\system32\KERNELBASE.dll
0x0000000065110000 - 0x0000000065199000 	C:\Windows\System32\SYSFER.DLL
0x000007fc7f330000 - 0x000007fc7f40e000 	C:\Windows\system32\ADVAPI32.dll
0x000007fc7f410000 - 0x000007fc7f55c000 	C:\Windows\system32\USER32.dll
0x000007fc7c710000 - 0x000007fc7c97a000 	C:\Windows\WinSxS\amd64_microsoft.windows.common-controls_6595b64144ccf1df_6.0.9200.17359_none_4188b989718cf1c6\COMCTL32.dll
0x000007fc7dda0000 - 0x000007fc7de45000 	C:\Windows\system32\msvcrt.dll
0x000007fc7f730000 - 0x000007fc7f778000 	C:\Windows\SYSTEM32\sechost.dll
0x000007fc7d180000 - 0x000007fc7d2c5000 	C:\Windows\system32\RPCRT4.dll
0x000007fc7d9f0000 - 0x000007fc7db31000 	C:\Windows\system32\GDI32.dll
0x000007fc7f780000 - 0x000007fc7f7b9000 	C:\Windows\system32\IMM32.DLL
0x000007fc7f140000 - 0x000007fc7f255000 	C:\Windows\system32\MSCTF.dll
0x0000000064240000 - 0x0000000064312000 	C:\Program Files\Android\Android Studio\jre\jre\bin\msvcr100.dll
0x0000000064420000 - 0x0000000064c5c000 	C:\Program Files\Android\Android Studio\jre\jre\bin\server\jvm.dll
0x000007fc764d0000 - 0x000007fc764d9000 	C:\Windows\SYSTEM32\WSOCK32.dll
0x000007fc76200000 - 0x000007fc76220000 	C:\Windows\SYSTEM32\WINMM.dll
0x000007fc75f10000 - 0x000007fc75f19000 	C:\Windows\SYSTEM32\VERSION.dll
0x000007fc7d9e0000 - 0x000007fc7d9e7000 	C:\Windows\system32\PSAPI.DLL
0x000007fc7f560000 - 0x000007fc7f5b8000 	C:\Windows\system32\WS2_32.dll
0x000007fc761c0000 - 0x000007fc761f2000 	C:\Windows\SYSTEM32\WINMMBASE.dll
0x000007fc7d7e0000 - 0x000007fc7d7e9000 	C:\Windows\system32\NSI.dll
0x000007fc687d0000 - 0x000007fc687df000 	C:\Program Files\Android\Android Studio\jre\jre\bin\verify.dll
0x000007fc640c0000 - 0x000007fc640e9000 	C:\Program Files\Android\Android Studio\jre\jre\bin\java.dll
0x000007fc63a70000 - 0x000007fc63a86000 	C:\Program Files\Android\Android Studio\jre\jre\bin\zip.dll
0x000007fc7de50000 - 0x000007fc7f135000 	C:\Windows\system32\SHELL32.dll
0x000007fc7d2d0000 - 0x000007fc7d480000 	C:\Windows\SYSTEM32\combase.dll
0x000007fc7f270000 - 0x000007fc7f2c0000 	C:\Windows\system32\SHLWAPI.dll
0x000007fc7c610000 - 0x000007fc7c6a6000 	C:\Windows\SYSTEM32\SHCORE.dll
0x000007fc7ccb0000 - 0x000007fc7ccc5000 	C:\Windows\system32\profapi.dll
0x000007fc63150000 - 0x000007fc6316a000 	C:\Program Files\Android\Android Studio\jre\jre\bin\net.dll
0x000007fc7c060000 - 0x000007fc7c0bc000 	C:\Windows\system32\mswsock.dll
0x000007fc63130000 - 0x000007fc63141000 	C:\Program Files\Android\Android Studio\jre\jre\bin\nio.dll
0x000007fc60f30000 - 0x000007fc60f4e000 	C:\Users\41008931\.gradle\native\23\windows-amd64\native-platform.dll
0x000007fc7c0c0000 - 0x000007fc7c0da000 	C:\Windows\SYSTEM32\CRYPTSP.dll
0x000007fc7bce0000 - 0x000007fc7bd29000 	C:\Windows\system32\rsaenh.dll
0x000007fc7ccf0000 - 0x000007fc7cd0f000 	C:\Windows\system32\USERENV.dll
0x000007fc7ca60000 - 0x000007fc7ca6a000 	C:\Windows\SYSTEM32\CRYPTBASE.dll
0x000007fc7ca00000 - 0x000007fc7ca5d000 	C:\Windows\SYSTEM32\bcryptPrimitives.dll
0x000007fc78f20000 - 0x000007fc78f4c000 	C:\Windows\SYSTEM32\IPHLPAPI.DLL
0x000007fc7c6b0000 - 0x000007fc7c6ba000 	C:\Windows\SYSTEM32\WINNSI.DLL
0x000007fc78e30000 - 0x000007fc78e43000 	C:\Windows\SYSTEM32\dhcpcsvc6.DLL
0x000007fc776e0000 - 0x000007fc776f8000 	C:\Windows\SYSTEM32\dhcpcsvc.DLL
0x000007fc67310000 - 0x000007fc6731d000 	C:\Program Files\Android\Android Studio\jre\jre\bin\management.dll
0x000007fc75680000 - 0x000007fc757e3000 	C:\Windows\SYSTEM32\dbghelp.dll

VM Arguments:
jvm_args: -XX:MaxPermSize=256m -XX:+HeapDumpOnOutOfMemoryError -Xmx1024m -Dfile.encoding=windows-1252 -Duser.country=IN -Duser.language=en -Duser.variant 
java_command: org.gradle.launcher.daemon.bootstrap.GradleDaemon 3.3
java_class_path (initial): C:\Users\41008931\.gradle\wrapper\dists\gradle-3.3-all\55gk2rcmfc6p2dg9u9ohc3hw9\gradle-3.3\lib\gradle-launcher-3.3.jar
Launcher Type: SUN_STANDARD

Environment Variables:
JAVA_HOME=C:\Program Files\Java\jdk1.8.0_112
CLASSPATH=C:\Program Files\Java\jdk1.8.0_112\lib
PATH=E:\oracle\product\10.2.0\client_1\bin;C:\ProgramData\Oracle\Java\javapath;C:\Windows\system32;C:\Windows;C:\Windows\System32\Wbem;C:\Windows\System32\WindowsPowerShell\v1.0\;C:\Program Files\Java\jdk1.8.0_112\bin;C:\Program Files (x86)\Microsoft SQL Server\100\Tools\Binn\;C:\Program Files\Microsoft SQL Server\100\Tools\Binn\;C:\Program Files\Microsoft SQL Server\100\DTS\Binn\;C:\Users\41008931\AppData\Local\Android\sdk\platform-tools;C:\Program Files\MySQL\MySQL Utilities 1.6\
USERNAME=41008931
OS=Windows_NT
PROCESSOR_IDENTIFIER=Intel64 Family 6 Model 58 Stepping 9, GenuineIntel



---------------  S Y S T E M  ---------------

OS: Windows 8 , 64 bit Build 9200 (6.2.9200.16815)

CPU:total 4 (2 cores per cpu, 2 threads per core) family 6 model 58 stepping 9, cmov, cx8, fxsr, mmx, sse, sse2, sse3, ssse3, sse4.1, sse4.2, popcnt, avx, aes, clmul, erms, ht, tsc, tscinvbit, tscinv

Memory: 4k page, physical 7953268k(4799624k free), swap 16080756k(12640644k free)

vm_info: OpenJDK 64-Bit Server VM (25.112-b06) for windows-amd64 JRE (1.8.0_112-release-b06), built on Dec  8 2016 00:54:26 by "builder" with MS VC++ 10.0 (VS2010)

time: Wed Aug 16 15:22:33 2017
elapsed time: 6 seconds (0d 0h 0m 6s)

