#
# A fatal error has been detected by the Java Runtime Environment:
#
#  EXCEPTION_ACCESS_VIOLATION (0xc0000005) at pc=0x000000006f93d7d7, pid=2432, tid=0x0000000000000730
#
# JRE version: OpenJDK Runtime Environment (8.0_112-b06) (build 1.8.0_112-release-b06)
# Java VM: OpenJDK 64-Bit Server VM (25.112-b06 mixed mode windows-amd64 compressed oops)
# Problematic frame:
# V  [jvm.dll+0x4bd7d7]
#
# Failed to write core dump. Minidumps are not enabled by default on client versions of Windows
#
# If you would like to submit a bug report, please visit:
#   http://bugreport.java.com/bugreport/crash.jsp
#

---------------  T H R E A D  ---------------

Current thread (0x0000000014cfb000):  JavaThread "C2 CompilerThread1" daemon [_thread_in_native, id=1840, stack(0x0000000016590000,0x0000000016690000)]

siginfo: ExceptionCode=0xc0000005, reading address 0x00000000970f7a38

Registers:
RAX=0x00000000170f7b58, RBX=0x00000000170f7b20, RCX=0x00000000970f7a38, RDX=0x000000000000005a
RSP=0x000000001668bad8, RBP=0x00000000177bdfd8, RSI=0x000000001668c000, RDI=0x000000001668bba8
R8 =0x0000000000004000, R9 =0x0000000000000000, R10=0x000000001829ffe0, R11=0x0000000000000000
R12=0x000000001668bb88, R13=0x0000000000000018, R14=0x00000000170f8a08, R15=0x0000000000000003
RIP=0x000000006f93d7d7, EFLAGS=0x0000000000010202

Top of Stack: (sp=0x000000001668bad8)
0x000000001668bad8:   000000006f90bb85 00000000177b8d50
0x000000001668bae8:   000000001668bfe0 000000001668c000
0x000000001668baf8:   000000001668bc50 000000001baf0520
0x000000001668bb08:   0000000014cc5ad0 0000000000000001
0x000000001668bb18:   0000000000000002 00000000181936f0
0x000000001668bb28:   000000001b7f3fc0 0000000014cc5ad0
0x000000001668bb38:   000000001668bfe0 000000001668bc50
0x000000001668bb48:   000000006f90dc1b 000000001668bfe0
0x000000001668bb58:   000000001668bba8 000000000000001e
0x000000001668bb68:   000000001668bbf8 000000001b7f4010
0x000000001668bb78:   000000001b7fbfa8 0000000000028338
0x000000001668bb88:   0000000014cc5ad0 0000000000000040
0x000000001668bb98:   000000001aee0a10 000000000000003e
0x000000001668bba8:   000000006fab4a28 0000000014cc5ad0
0x000000001668bbb8:   0000000000000080 000000001aee0810
0x000000001668bbc8:   0000000000000001 000000001b7f3fc0 

Instructions: (pc=0x000000006f93d7d7)
0x000000006f93d7b7:   48 ff 60 30 33 c0 48 83 c4 20 5b c3 cc cc cc cc
0x000000006f93d7c7:   cc cc cc cc cc cc cc cc cc 48 8b 41 08 48 8b 08
0x000000006f93d7d7:   48 8b 01 48 ff a0 b0 00 00 00 cc cc cc cc cc cc
0x000000006f93d7e7:   cc cc cc cc cc cc cc cc cc 48 83 ec 28 48 8b 01 


Register to memory mapping:

RAX=0x00000000170f7b58 is an unknown value
RBX=0x00000000170f7b20 is an unknown value
RCX=0x00000000970f7a38 is an unknown value
RDX=0x000000000000005a is an unknown value
RSP=0x000000001668bad8 is pointing into the stack for thread: 0x0000000014cfb000
RBP=0x00000000177bdfd8 is an unknown value
RSI=0x000000001668c000 is pointing into the stack for thread: 0x0000000014cfb000
RDI=0x000000001668bba8 is pointing into the stack for thread: 0x0000000014cfb000
R8 =0x0000000000004000 is an unknown value
R9 =0x0000000000000000 is an unknown value
R10=0x000000001829ffe0 is an unknown value
R11=0x0000000000000000 is an unknown value
R12=0x000000001668bb88 is pointing into the stack for thread: 0x0000000014cfb000
R13=0x0000000000000018 is an unknown value
R14=0x00000000170f8a08 is an unknown value
R15=0x0000000000000003 is an unknown value


Stack: [0x0000000016590000,0x0000000016690000],  sp=0x000000001668bad8,  free space=1006k
Native frames: (J=compiled Java code, j=interpreted, Vv=VM code, C=native code)
V  [jvm.dll+0x4bd7d7]


Current CompileTask:
C2:  73441 8665       4       java.util.concurrent.LinkedBlockingDeque::poll (7 bytes)


---------------  P R O C E S S  ---------------

Java Threads: ( => current thread )
  0x000000001a091800 JavaThread "Forward streams with process: command 'C:\Users\41008931\AppData\Local\Android\Sdk\build-tools\25.0.2\aapt.exe' Thread 3" [_thread_in_native, id=7084, stack(0x00000000210d0000,0x00000000211d0000)]
  0x000000001a091000 JavaThread "Forward streams with process: command 'C:\Users\41008931\AppData\Local\Android\Sdk\build-tools\25.0.2\aapt.exe' Thread 2" [_thread_in_native, id=2708, stack(0x0000000020fd0000,0x00000000210d0000)]
  0x000000001a098000 JavaThread "Forward streams with process: command 'C:\Users\41008931\AppData\Local\Android\Sdk\build-tools\25.0.2\aapt.exe'" [_thread_blocked, id=7032, stack(0x0000000020ed0000,0x0000000020fd0000)]
  0x000000001a095800 JavaThread "Run command 'C:\Users\41008931\AppData\Local\Android\Sdk\build-tools\25.0.2\aapt.exe'" [_thread_in_native, id=6872, stack(0x0000000020dd0000,0x0000000020ed0000)]
  0x000000001a097000 JavaThread "Thread-12" [_thread_blocked, id=7068, stack(0x0000000020cd0000,0x0000000020dd0000)]
  0x000000001a096000 JavaThread "Cache update executor" [_thread_blocked, id=3224, stack(0x000000001a9b0000,0x000000001aab0000)]
  0x000000001a093000 JavaThread "Stdin handler" [_thread_blocked, id=5968, stack(0x0000000019190000,0x0000000019290000)]
  0x000000001a092800 JavaThread "Asynchronous log dispatcher for DefaultDaemonConnection: socket connection from /127.0.0.1:1254 to /127.0.0.1:1270" [_thread_blocked, id=5972, stack(0x0000000019090000,0x0000000019190000)]
  0x000000001b7df000 JavaThread "Cancel handler" [_thread_blocked, id=5964, stack(0x0000000018e90000,0x0000000018f90000)]
  0x000000001b7e0800 JavaThread "Handler for socket connection from /127.0.0.1:1254 to /127.0.0.1:1270" [_thread_in_native, id=5984, stack(0x0000000018d90000,0x0000000018e90000)]
  0x000000001738e000 JavaThread "File lock request listener" [_thread_in_native, id=2192, stack(0x000000001a6b0000,0x000000001a7b0000)]
  0x0000000017e23800 JavaThread "pool-1-thread-1" [_thread_blocked, id=4748, stack(0x0000000019290000,0x0000000019390000)]
  0x0000000017e27800 JavaThread "Daemon worker" [_thread_blocked, id=6952, stack(0x0000000018f90000,0x0000000019090000)]
  0x0000000017b1d800 JavaThread "Daemon" [_thread_blocked, id=2888, stack(0x0000000018a90000,0x0000000018b90000)]
  0x0000000017d73800 JavaThread "Incoming local TCP Connector on port 1254" [_thread_in_native, id=3296, stack(0x00000000188b0000,0x00000000189b0000)]
  0x0000000014d2e000 JavaThread "Service Thread" daemon [_thread_blocked, id=6932, stack(0x0000000016b90000,0x0000000016c90000)]
  0x0000000014d03800 JavaThread "C1 CompilerThread2" daemon [_thread_blocked, id=6740, stack(0x0000000016690000,0x0000000016790000)]
=>0x0000000014cfb000 JavaThread "C2 CompilerThread1" daemon [_thread_in_native, id=1840, stack(0x0000000016590000,0x0000000016690000)]
  0x0000000014d0a000 JavaThread "C2 CompilerThread0" daemon [_thread_blocked, id=7028, stack(0x0000000016490000,0x0000000016590000)]
  0x0000000014d08000 JavaThread "Attach Listener" daemon [_thread_blocked, id=4408, stack(0x0000000016390000,0x0000000016490000)]
  0x0000000014d07000 JavaThread "Signal Dispatcher" daemon [_thread_blocked, id=5484, stack(0x0000000016290000,0x0000000016390000)]
  0x000000000262e000 JavaThread "Finalizer" daemon [_thread_blocked, id=5472, stack(0x0000000015f70000,0x0000000016070000)]
  0x0000000002622800 JavaThread "Reference Handler" daemon [_thread_blocked, id=5380, stack(0x0000000015e70000,0x0000000015f70000)]
  0x000000000222e000 JavaThread "main" [_thread_blocked, id=808, stack(0x00000000020c0000,0x00000000021c0000)]

Other Threads:
  0x0000000014cc6000 VMThread [stack: 0x0000000015d70000,0x0000000015e70000] [id=1612]
  0x0000000014d5e800 WatcherThread [stack: 0x0000000016c90000,0x0000000016d90000] [id=4848]

VM state:not at safepoint (normal execution)

VM Mutex/Monitor currently owned by a thread: None

Heap:
 PSYoungGen      total 163328K, used 7059K [0x00000000eab00000, 0x00000000f8d80000, 0x0000000100000000)
  eden space 139776K, 5% used [0x00000000eab00000,0x00000000eb1e4fa8,0x00000000f3380000)
  from space 23552K, 0% used [0x00000000f3380000,0x00000000f3380000,0x00000000f4a80000)
  to   space 26624K, 0% used [0x00000000f7380000,0x00000000f7380000,0x00000000f8d80000)
 ParOldGen       total 145920K, used 45600K [0x00000000c0000000, 0x00000000c8e80000, 0x00000000eab00000)
  object space 145920K, 31% used [0x00000000c0000000,0x00000000c2c88100,0x00000000c8e80000)
 Metaspace       used 56858K, capacity 59268K, committed 59480K, reserved 1099776K
  class space    used 7685K, capacity 8236K, committed 8320K, reserved 1048576K

Card table byte_map: [0x00000000119f0000,0x0000000011c00000] byte_map_base: 0x00000000113f0000

Marking Bits: (ParMarkBitMap*) 0x000000006fc418f0
 Begin Bits: [0x0000000012160000, 0x0000000013160000)
 End Bits:   [0x0000000013160000, 0x0000000014160000)

Polling page: 0x0000000000710000

CodeCache: size=245760Kb used=26962Kb max_used=26977Kb free=218797Kb
 bounds [0x0000000002630000, 0x00000000040b0000, 0x0000000011630000]
 total_blobs=8326 nmethods=7573 adapters=665
 compilation: enabled

Compilation events (10 events):
Event: 64.488 Thread 0x0000000014cfb000 8661       4       java.lang.Class::getMethod (64 bytes)
Event: 64.490 Thread 0x0000000014d0a000 nmethod 8660 0x0000000004097ed0 code [0x0000000004098020, 0x0000000004098168]
Event: 64.491 Thread 0x0000000014d03800 8662       3       java.lang.ProcessEnvironment$CheckedEntry::getValue (5 bytes)
Event: 64.491 Thread 0x0000000014d03800 nmethod 8662 0x00000000040992d0 code [0x0000000004099440, 0x00000000040997a8]
Event: 64.492 Thread 0x0000000014d03800 8663       3       java.lang.ProcessEnvironment$CheckedEntry::getValue (13 bytes)
Event: 64.492 Thread 0x0000000014d03800 nmethod 8663 0x0000000004098d90 code [0x0000000004098f00, 0x0000000004099208]
Event: 64.556 Thread 0x0000000014cfb000 nmethod 8661 0x00000000040a40d0 code [0x00000000040a4380, 0x00000000040a6d70]
Event: 73.271 Thread 0x0000000014d0a000 8664   !   4       java.util.concurrent.LinkedBlockingDeque::pollFirst (84 bytes)
Event: 73.282 Thread 0x0000000014cfb000 8665       4       java.util.concurrent.LinkedBlockingDeque::poll (7 bytes)
Event: 73.316 Thread 0x0000000014d0a000 nmethod 8664 0x0000000002e4bd50 code [0x0000000002e4bf80, 0x0000000002e4cf10]

GC Heap History (10 events):
Event: 39.780 GC heap before
{Heap before GC invocations=16 (full 2):
 PSYoungGen      total 83968K, used 81811K [0x00000000eab00000, 0x00000000f2880000, 0x0000000100000000)
  eden space 71680K, 100% used [0x00000000eab00000,0x00000000ef100000,0x00000000ef100000)
  from space 12288K, 82% used [0x00000000ef100000,0x00000000efae4c80,0x00000000efd00000)
  to   space 12800K, 0% used [0x00000000f1c00000,0x00000000f1c00000,0x00000000f2880000)
 ParOldGen       total 96768K, used 15683K [0x00000000c0000000, 0x00000000c5e80000, 0x00000000eab00000)
  object space 96768K, 16% used [0x00000000c0000000,0x00000000c0f50ec8,0x00000000c5e80000)
 Metaspace       used 45101K, capacity 46272K, committed 46336K, reserved 1089536K
  class space    used 6001K, capacity 6349K, committed 6400K, reserved 1048576K
Event: 39.805 GC heap after
Heap after GC invocations=16 (full 2):
 PSYoungGen      total 114688K, used 11662K [0x00000000eab00000, 0x00000000f2a00000, 0x0000000100000000)
  eden space 101888K, 0% used [0x00000000eab00000,0x00000000eab00000,0x00000000f0e80000)
  from space 12800K, 91% used [0x00000000f1c00000,0x00000000f2763b28,0x00000000f2880000)
  to   space 13824K, 0% used [0x00000000f0e80000,0x00000000f0e80000,0x00000000f1c00000)
 ParOldGen       total 96768K, used 15691K [0x00000000c0000000, 0x00000000c5e80000, 0x00000000eab00000)
  object space 96768K, 16% used [0x00000000c0000000,0x00000000c0f52ec8,0x00000000c5e80000)
 Metaspace       used 45101K, capacity 46272K, committed 46336K, reserved 1089536K
  class space    used 6001K, capacity 6349K, committed 6400K, reserved 1048576K
}
Event: 42.421 GC heap before
{Heap before GC invocations=17 (full 2):
 PSYoungGen      total 114688K, used 113550K [0x00000000eab00000, 0x00000000f2a00000, 0x0000000100000000)
  eden space 101888K, 100% used [0x00000000eab00000,0x00000000f0e80000,0x00000000f0e80000)
  from space 12800K, 91% used [0x00000000f1c00000,0x00000000f2763b28,0x00000000f2880000)
  to   space 13824K, 0% used [0x00000000f0e80000,0x00000000f0e80000,0x00000000f1c00000)
 ParOldGen       total 96768K, used 15691K [0x00000000c0000000, 0x00000000c5e80000, 0x00000000eab00000)
  object space 96768K, 16% used [0x00000000c0000000,0x00000000c0f52ec8,0x00000000c5e80000)
 Metaspace       used 49702K, capacity 51212K, committed 51456K, reserved 1093632K
  class space    used 6767K, capacity 7149K, committed 7168K, reserved 1048576K
Event: 42.454 GC heap after
Heap after GC invocations=17 (full 2):
 PSYoungGen      total 115712K, used 13792K [0x00000000eab00000, 0x00000000f5c00000, 0x0000000100000000)
  eden space 101888K, 0% used [0x00000000eab00000,0x00000000eab00000,0x00000000f0e80000)
  from space 13824K, 99% used [0x00000000f0e80000,0x00000000f1bf81f8,0x00000000f1c00000)
  to   space 17920K, 0% used [0x00000000f4a80000,0x00000000f4a80000,0x00000000f5c00000)
 ParOldGen       total 96768K, used 21894K [0x00000000c0000000, 0x00000000c5e80000, 0x00000000eab00000)
  object space 96768K, 22% used [0x00000000c0000000,0x00000000c15618c0,0x00000000c5e80000)
 Metaspace       used 49702K, capacity 51212K, committed 51456K, reserved 1093632K
  class space    used 6767K, capacity 7149K, committed 7168K, reserved 1048576K
}
Event: 44.467 GC heap before
{Heap before GC invocations=18 (full 2):
 PSYoungGen      total 115712K, used 115680K [0x00000000eab00000, 0x00000000f5c00000, 0x0000000100000000)
  eden space 101888K, 100% used [0x00000000eab00000,0x00000000f0e80000,0x00000000f0e80000)
  from space 13824K, 99% used [0x00000000f0e80000,0x00000000f1bf81f8,0x00000000f1c00000)
  to   space 17920K, 0% used [0x00000000f4a80000,0x00000000f4a80000,0x00000000f5c00000)
 ParOldGen       total 96768K, used 21894K [0x00000000c0000000, 0x00000000c5e80000, 0x00000000eab00000)
  object space 96768K, 22% used [0x00000000c0000000,0x00000000c15618c0,0x00000000c5e80000)
 Metaspace       used 54468K, capacity 56702K, committed 56960K, reserved 1097728K
  class space    used 7408K, capacity 7945K, committed 8064K, reserved 1048576K
Event: 44.514 GC heap after
Heap after GC invocations=18 (full 2):
 PSYoungGen      total 157696K, used 17904K [0x00000000eab00000, 0x00000000f6900000, 0x0000000100000000)
  eden space 139776K, 0% used [0x00000000eab00000,0x00000000eab00000,0x00000000f3380000)
  from space 17920K, 99% used [0x00000000f4a80000,0x00000000f5bfc228,0x00000000f5c00000)
  to   space 23552K, 0% used [0x00000000f3380000,0x00000000f3380000,0x00000000f4a80000)
 ParOldGen       total 96768K, used 30931K [0x00000000c0000000, 0x00000000c5e80000, 0x00000000eab00000)
  object space 96768K, 31% used [0x00000000c0000000,0x00000000c1e34ef8,0x00000000c5e80000)
 Metaspace       used 54468K, capacity 56702K, committed 56960K, reserved 1097728K
  class space    used 7408K, capacity 7945K, committed 8064K, reserved 1048576K
}
Event: 64.148 GC heap before
{Heap before GC invocations=19 (full 2):
 PSYoungGen      total 157696K, used 131534K [0x00000000eab00000, 0x00000000f6900000, 0x0000000100000000)
  eden space 139776K, 81% used [0x00000000eab00000,0x00000000f19f7678,0x00000000f3380000)
  from space 17920K, 99% used [0x00000000f4a80000,0x00000000f5bfc228,0x00000000f5c00000)
  to   space 23552K, 0% used [0x00000000f3380000,0x00000000f3380000,0x00000000f4a80000)
 ParOldGen       total 96768K, used 30931K [0x00000000c0000000, 0x00000000c5e80000, 0x00000000eab00000)
  object space 96768K, 31% used [0x00000000c0000000,0x00000000c1e34ef8,0x00000000c5e80000)
 Metaspace       used 56541K, capacity 58984K, committed 59096K, reserved 1099776K
  class space    used 7630K, capacity 8164K, committed 8192K, reserved 1048576K
Event: 64.179 GC heap after
Heap after GC invocations=19 (full 2):
 PSYoungGen      total 163328K, used 23161K [0x00000000eab00000, 0x00000000f8d80000, 0x0000000100000000)
  eden space 139776K, 0% used [0x00000000eab00000,0x00000000eab00000,0x00000000f3380000)
  from space 23552K, 98% used [0x00000000f3380000,0x00000000f4a1e470,0x00000000f4a80000)
  to   space 26624K, 0% used [0x00000000f7380000,0x00000000f7380000,0x00000000f8d80000)
 ParOldGen       total 96768K, used 33420K [0x00000000c0000000, 0x00000000c5e80000, 0x00000000eab00000)
  object space 96768K, 34% used [0x00000000c0000000,0x00000000c20a30e0,0x00000000c5e80000)
 Metaspace       used 56541K, capacity 58984K, committed 59096K, reserved 1099776K
  class space    used 7630K, capacity 8164K, committed 8192K, reserved 1048576K
}
Event: 64.179 GC heap before
{Heap before GC invocations=20 (full 3):
 PSYoungGen      total 163328K, used 23161K [0x00000000eab00000, 0x00000000f8d80000, 0x0000000100000000)
  eden space 139776K, 0% used [0x00000000eab00000,0x00000000eab00000,0x00000000f3380000)
  from space 23552K, 98% used [0x00000000f3380000,0x00000000f4a1e470,0x00000000f4a80000)
  to   space 26624K, 0% used [0x00000000f7380000,0x00000000f7380000,0x00000000f8d80000)
 ParOldGen       total 96768K, used 33420K [0x00000000c0000000, 0x00000000c5e80000, 0x00000000eab00000)
  object space 96768K, 34% used [0x00000000c0000000,0x00000000c20a30e0,0x00000000c5e80000)
 Metaspace       used 56541K, capacity 58984K, committed 59096K, reserved 1099776K
  class space    used 7630K, capacity 8164K, committed 8192K, reserved 1048576K
Event: 64.446 GC heap after
Heap after GC invocations=20 (full 3):
 PSYoungGen      total 163328K, used 0K [0x00000000eab00000, 0x00000000f8d80000, 0x0000000100000000)
  eden space 139776K, 0% used [0x00000000eab00000,0x00000000eab00000,0x00000000f3380000)
  from space 23552K, 0% used [0x00000000f3380000,0x00000000f3380000,0x00000000f4a80000)
  to   space 26624K, 0% used [0x00000000f7380000,0x00000000f7380000,0x00000000f8d80000)
 ParOldGen       total 145920K, used 45600K [0x00000000c0000000, 0x00000000c8e80000, 0x00000000eab00000)
  object space 145920K, 31% used [0x00000000c0000000,0x00000000c2c88100,0x00000000c8e80000)
 Metaspace       used 56541K, capacity 58984K, committed 59096K, reserved 1099776K
  class space    used 7630K, capacity 8164K, committed 8192K, reserved 1048576K
}

Deoptimization events (10 events):
Event: 58.178 Thread 0x0000000017e27800 Uncommon trap: reason=class_check action=maybe_recompile pc=0x0000000003555364 method=java.lang.AbstractStringBuilder.append(Ljava/lang/CharSequence;)Ljava/lang/AbstractStringBuilder; @ 26
Event: 58.179 Thread 0x0000000017e27800 Uncommon trap: reason=class_check action=maybe_recompile pc=0x000000000351c268 method=java.lang.AbstractStringBuilder.append(Ljava/lang/CharSequence;II)Ljava/lang/AbstractStringBuilder; @ 18
Event: 58.384 Thread 0x0000000017e27800 Uncommon trap: reason=class_check action=maybe_recompile pc=0x00000000027cde9c method=com.google.common.collect.NaturalOrdering.compare(Ljava/lang/Object;Ljava/lang/Object;)I @ 2
Event: 58.384 Thread 0x0000000017e27800 Uncommon trap: reason=class_check action=maybe_recompile pc=0x00000000027cde9c method=com.google.common.collect.NaturalOrdering.compare(Ljava/lang/Object;Ljava/lang/Object;)I @ 2
Event: 58.384 Thread 0x0000000017e27800 Uncommon trap: reason=class_check action=maybe_recompile pc=0x00000000027cde9c method=com.google.common.collect.NaturalOrdering.compare(Ljava/lang/Object;Ljava/lang/Object;)I @ 2
Event: 58.384 Thread 0x0000000017e27800 Uncommon trap: reason=class_check action=maybe_recompile pc=0x00000000027cde9c method=com.google.common.collect.NaturalOrdering.compare(Ljava/lang/Object;Ljava/lang/Object;)I @ 2
Event: 58.418 Thread 0x0000000017e27800 Uncommon trap: reason=unstable_if action=reinterpret pc=0x0000000002ef7858 method=java.lang.String.regionMatches(ZILjava/lang/String;II)Z @ 102
Event: 58.896 Thread 0x0000000017e27800 Uncommon trap: reason=null_check action=make_not_entrant pc=0x0000000003e1b910 method=com.sun.org.apache.xerces.internal.dom.ElementImpl.getDefaultAttributes()Lcom/sun/org/apache/xerces/internal/dom/NamedNodeMapImpl; @ 7
Event: 64.145 Thread 0x0000000017e27800 Uncommon trap: reason=unstable_if action=reinterpret pc=0x0000000002b9f644 method=java.util.regex.Pattern.append(II)V @ 6
Event: 64.446 Thread 0x0000000002622800 Uncommon trap: reason=unstable_if action=reinterpret pc=0x0000000002dc43b4 method=java.lang.ref.Reference.tryHandlePending(Z)Z @ 20

Internal exceptions (10 events):
Event: 57.392 Thread 0x0000000017e27800 Exception <a 'sun/nio/fs/WindowsException'> (0x00000000edc1d888) thrown at [C:\src\android\AOSP-openjdk\external\jetbrains\jdk\hotspot\src\share\vm\prims\jni.cpp, line 709]
Event: 57.392 Thread 0x0000000017e27800 Exception <a 'sun/nio/fs/WindowsException'> (0x00000000edc1f400) thrown at [C:\src\android\AOSP-openjdk\external\jetbrains\jdk\hotspot\src\share\vm\prims\jni.cpp, line 709]
Event: 57.393 Thread 0x0000000017e27800 Exception <a 'sun/nio/fs/WindowsException'> (0x00000000edc1ff70) thrown at [C:\src\android\AOSP-openjdk\external\jetbrains\jdk\hotspot\src\share\vm\prims\jni.cpp, line 709]
Event: 58.098 Thread 0x0000000017e27800 Exception <a 'java/lang/NoSuchMethodError': <clinit>> (0x00000000eefa8ff0) thrown at [C:\src\android\AOSP-openjdk\external\jetbrains\jdk\hotspot\src\share\vm\prims\jni.cpp, line 1613]
Event: 58.100 Thread 0x0000000017e27800 Exception <a 'java/lang/NoSuchMethodError': <clinit>> (0x00000000eefb6858) thrown at [C:\src\android\AOSP-openjdk\external\jetbrains\jdk\hotspot\src\share\vm\prims\jni.cpp, line 1613]
Event: 58.114 Thread 0x0000000017e27800 Exception <a 'java/lang/NoSuchMethodError': <clinit>> (0x00000000ef028940) thrown at [C:\src\android\AOSP-openjdk\external\jetbrains\jdk\hotspot\src\share\vm\prims\jni.cpp, line 1613]
Event: 58.115 Thread 0x0000000017e27800 Exception <a 'java/lang/NoSuchMethodError': <clinit>> (0x00000000ef041698) thrown at [C:\src\android\AOSP-openjdk\external\jetbrains\jdk\hotspot\src\share\vm\prims\jni.cpp, line 1613]
Event: 58.116 Thread 0x0000000017e27800 Exception <a 'java/lang/NoSuchMethodError': <clinit>> (0x00000000ef043318) thrown at [C:\src\android\AOSP-openjdk\external\jetbrains\jdk\hotspot\src\share\vm\prims\jni.cpp, line 1613]
Event: 58.896 Thread 0x0000000017e27800 Implicit null exception at 0x0000000003e1a5cc to 0x0000000003e1b901
Event: 64.462 Thread 0x0000000017e27800 Exception <a 'java/lang/NoSuchMethodError': java.lang.Object.lambda$negate$1(Ljava/lang/Object;)Z> (0x00000000eac29e70) thrown at [C:\src\android\AOSP-openjdk\external\jetbrains\jdk\hotspot\src\share\vm\interpreter\linkResolver.cpp, line 582]

Events (10 events):
Event: 64.596 loading class org/gradle/process/internal/streams/ExecOutputHandleRunner
Event: 64.596 loading class org/gradle/process/internal/streams/ExecOutputHandleRunner done
Event: 64.596 Executing VM operation: RevokeBias
Event: 64.596 Executing VM operation: RevokeBias done
Event: 64.596 Thread 0x000000001a098000 Thread exited: 0x000000001a098000
Event: 64.597 Thread 0x000000001a098000 Thread added: 0x000000001a098000
Event: 64.597 Thread 0x000000001a091000 Thread added: 0x000000001a091000
Event: 64.597 Thread 0x000000001a091800 Thread added: 0x000000001a091800
Event: 64.597 Executing VM operation: RevokeBias
Event: 64.597 Executing VM operation: RevokeBias done


Dynamic libraries:
0x000007f75bb90000 - 0x000007f75bbc1000 	C:\Program Files\Android\Android Studio\jre\bin\java.exe
0x000007fb8e570000 - 0x000007fb8e72d000 	C:\Windows\SYSTEM32\ntdll.dll
0x000007fb8cf40000 - 0x000007fb8d076000 	C:\Windows\system32\KERNEL32.DLL
0x000007fb8b790000 - 0x000007fb8b884000 	C:\Windows\system32\KERNELBASE.dll
0x00000000703b0000 - 0x0000000070439000 	C:\Windows\System32\SYSFER.DLL
0x000007fb8c040000 - 0x000007fb8c11e000 	C:\Windows\system32\ADVAPI32.dll
0x000007fb8bef0000 - 0x000007fb8c03c000 	C:\Windows\system32\USER32.dll
0x000007fb893e0000 - 0x000007fb8964a000 	C:\Windows\WinSxS\amd64_microsoft.windows.common-controls_6595b64144ccf1df_6.0.9200.17359_none_4188b989718cf1c6\COMCTL32.dll
0x000007fb8ccc0000 - 0x000007fb8cd65000 	C:\Windows\system32\msvcrt.dll
0x000007fb8d1d0000 - 0x000007fb8d218000 	C:\Windows\SYSTEM32\sechost.dll
0x000007fb8c330000 - 0x000007fb8c475000 	C:\Windows\system32\RPCRT4.dll
0x000007fb8d080000 - 0x000007fb8d1c1000 	C:\Windows\system32\GDI32.dll
0x000007fb8c8f0000 - 0x000007fb8c929000 	C:\Windows\system32\IMM32.DLL
0x000007fb8b940000 - 0x000007fb8ba55000 	C:\Windows\system32\MSCTF.dll
0x000000006e480000 - 0x000000006e552000 	C:\Program Files\Android\Android Studio\jre\jre\bin\msvcr100.dll
0x000000006f480000 - 0x000000006fcbc000 	C:\Program Files\Android\Android Studio\jre\jre\bin\server\jvm.dll
0x000007fb847c0000 - 0x000007fb847c9000 	C:\Windows\SYSTEM32\WSOCK32.dll
0x000007fb84500000 - 0x000007fb84520000 	C:\Windows\SYSTEM32\WINMM.dll
0x000007fb83930000 - 0x000007fb83939000 	C:\Windows\SYSTEM32\VERSION.dll
0x000007fb8c8e0000 - 0x000007fb8c8e7000 	C:\Windows\system32\PSAPI.DLL
0x000007fb8bc90000 - 0x000007fb8bce8000 	C:\Windows\system32\WS2_32.dll
0x000007fb844c0000 - 0x000007fb844f2000 	C:\Windows\SYSTEM32\WINMMBASE.dll
0x000007fb8be70000 - 0x000007fb8be79000 	C:\Windows\system32\NSI.dll
0x000007fb73c00000 - 0x000007fb73c0f000 	C:\Program Files\Android\Android Studio\jre\jre\bin\verify.dll
0x000007fb6daa0000 - 0x000007fb6dac9000 	C:\Program Files\Android\Android Studio\jre\jre\bin\java.dll
0x000007fb70a60000 - 0x000007fb70a76000 	C:\Program Files\Android\Android Studio\jre\jre\bin\zip.dll
0x000007fb8d280000 - 0x000007fb8e565000 	C:\Windows\system32\SHELL32.dll
0x000007fb8c130000 - 0x000007fb8c2e0000 	C:\Windows\SYSTEM32\combase.dll
0x000007fb8c2e0000 - 0x000007fb8c330000 	C:\Windows\system32\SHLWAPI.dll
0x000007fb89b00000 - 0x000007fb89b96000 	C:\Windows\SYSTEM32\SHCORE.dll
0x000007fb8b490000 - 0x000007fb8b4a5000 	C:\Windows\system32\profapi.dll
0x000007fb6da80000 - 0x000007fb6da9a000 	C:\Program Files\Android\Android Studio\jre\jre\bin\net.dll
0x000007fb8ac30000 - 0x000007fb8ac8c000 	C:\Windows\system32\mswsock.dll
0x000007fb6da60000 - 0x000007fb6da71000 	C:\Program Files\Android\Android Studio\jre\jre\bin\nio.dll
0x000007fb82710000 - 0x000007fb8272e000 	C:\Users\41008931\.gradle\native\23\windows-amd64\native-platform.dll
0x000007fb8ac90000 - 0x000007fb8acaa000 	C:\Windows\SYSTEM32\CRYPTSP.dll
0x000007fb8a930000 - 0x000007fb8a979000 	C:\Windows\system32\rsaenh.dll
0x000007fb8b560000 - 0x000007fb8b57f000 	C:\Windows\system32\USERENV.dll
0x000007fb8b220000 - 0x000007fb8b22a000 	C:\Windows\SYSTEM32\CRYPTBASE.dll
0x000007fb8b1c0000 - 0x000007fb8b21d000 	C:\Windows\SYSTEM32\bcryptPrimitives.dll
0x000007fb86820000 - 0x000007fb8684c000 	C:\Windows\SYSTEM32\IPHLPAPI.DLL
0x000007fb867d0000 - 0x000007fb867da000 	C:\Windows\SYSTEM32\WINNSI.DLL
0x000007fb87e60000 - 0x000007fb87e73000 	C:\Windows\SYSTEM32\dhcpcsvc6.DLL
0x000007fb87e40000 - 0x000007fb87e58000 	C:\Windows\SYSTEM32\dhcpcsvc.DLL
0x000007fb709c0000 - 0x000007fb709cd000 	C:\Program Files\Android\Android Studio\jre\jre\bin\management.dll
0x000007fb82ac0000 - 0x000007fb82c23000 	C:\Windows\SYSTEM32\dbghelp.dll

VM Arguments:
jvm_args: -XX:MaxPermSize=256m -XX:+HeapDumpOnOutOfMemoryError -Xmx1024m -Dfile.encoding=windows-1252 -Duser.country=IN -Duser.language=en -Duser.variant 
java_command: org.gradle.launcher.daemon.bootstrap.GradleDaemon 3.3
java_class_path (initial): C:\Users\41008931\.gradle\wrapper\dists\gradle-3.3-all\55gk2rcmfc6p2dg9u9ohc3hw9\gradle-3.3\lib\gradle-launcher-3.3.jar
Launcher Type: SUN_STANDARD

Environment Variables:
JAVA_HOME=C:\Program Files\Java\jdk1.8.0_112
CLASSPATH=C:\Program Files\Java\jdk1.8.0_112\lib
PATH=E:\oracle\product\10.2.0\client_1\bin;C:\ProgramData\Oracle\Java\javapath;C:\Windows\system32;C:\Windows;C:\Windows\System32\Wbem;C:\Windows\System32\WindowsPowerShell\v1.0\;C:\Program Files\Java\jdk1.8.0_112\bin;C:\Program Files (x86)\Microsoft SQL Server\100\Tools\Binn\;C:\Program Files\Microsoft SQL Server\100\Tools\Binn\;C:\Program Files\Microsoft SQL Server\100\DTS\Binn\;C:\Users\41008931\AppData\Local\Android\sdk\platform-tools;C:\Program Files\MySQL\MySQL Utilities 1.6\
USERNAME=41008931
OS=Windows_NT
PROCESSOR_IDENTIFIER=Intel64 Family 6 Model 58 Stepping 9, GenuineIntel



---------------  S Y S T E M  ---------------

OS: Windows 8 , 64 bit Build 9200 (6.2.9200.16815)

CPU:total 4 (2 cores per cpu, 2 threads per core) family 6 model 58 stepping 9, cmov, cx8, fxsr, mmx, sse, sse2, sse3, ssse3, sse4.1, sse4.2, popcnt, avx, aes, clmul, erms, ht, tsc, tscinvbit, tscinv

Memory: 4k page, physical 7953268k(4676560k free), swap 16080756k(12450596k free)

vm_info: OpenJDK 64-Bit Server VM (25.112-b06) for windows-amd64 JRE (1.8.0_112-release-b06), built on Dec  8 2016 00:54:26 by "builder" with MS VC++ 10.0 (VS2010)

time: Mon Aug 28 09:31:11 2017
elapsed time: 73 seconds (0d 0h 1m 13s)

